<?xml version="1.0" encoding="UTF-8"?>
<!-- Generated by org.testng.reporters.JUnitReportReporter -->
<testsuite hostname="DESKTOP-IMBM639" failures="0" tests="1" name="com.api.tests.GetProfileRequestTest" time="3.604" errors="0" timestamp="2025-09-14T23:43:59 PKT" skipped="0">
  <testcase classname="com.api.tests.GetProfileRequestTest" name="getProfileInfoTest" time="3.604"/>
</testsuite> <!-- com.api.tests.GetProfileRequestTest -->
