<?xml version="1.0" encoding="UTF-8"?>
<!-- Generated by org.testng.reporters.JUnitReportReporter -->
<testsuite hostname="DESKTOP-IMBM639" failures="0" tests="1" name="com.api.tests.LoginAPITest" time="3.016" errors="0" timestamp="2025-09-13T20:46:50 PKT" skipped="0">
  <testcase classname="com.api.tests.LoginAPITest" name="loginTest" time="3.016"/>
</testsuite> <!-- com.api.tests.LoginAPITest -->
