<?xml version="1.0" encoding="UTF-8"?>
<!-- Generated by org.testng.reporters.JUnitReportReporter -->
<testsuite hostname="DESKTOP-IMBM639" failures="0" tests="1" name="com.api.tests.UpdateProfileTest" time="4.269" errors="0" timestamp="2025-09-15T00:33:51 PKT" skipped="0">
  <testcase classname="com.api.tests.UpdateProfileTest" name="udpateProfileTest" time="4.269"/>
</testsuite> <!-- com.api.tests.UpdateProfileTest -->
