<?xml version="1.0" encoding="UTF-8"?>
<!-- Generated by org.testng.reporters.JUnitReportReporter -->
<testsuite hostname="DESKTOP-IMBM639" failures="0" tests="1" name="com.api.tests.ForgotPasswordTest" time="6.540" errors="0" timestamp="2025-09-14T22:40:27 PKT" skipped="0">
  <testcase classname="com.api.tests.ForgotPasswordTest" name="forgotPasswordTest" time="6.540"/>
</testsuite> <!-- com.api.tests.ForgotPasswordTest -->
