<?xml version="1.0" encoding="UTF-8"?>
<!-- Generated by org.testng.reporters.JUnitReportReporter -->
<testsuite hostname="DESKTOP-IMBM639" failures="0" tests="1" name="com.api.tests.AccountCreationTest" time="3.096" errors="0" timestamp="2025-09-14T22:25:46 PKT" skipped="0">
  <testcase classname="com.api.tests.AccountCreationTest" name="createAccountTest" time="3.096"/>
</testsuite> <!-- com.api.tests.AccountCreationTest -->
