<?xml version="1.0" encoding="UTF-8"?>
<!-- Generated by org.testng.reporters.JUnitReportReporter -->
<testsuite hostname="DESKTOP-IMBM639" failures="0" tests="1" name="com.api.tests.LoginAPITest" time="3.121" errors="0" timestamp="2025-09-17T00:58:48 PKT" skipped="0">
  <testcase classname="com.api.tests.LoginAPITest" name="loginTest" time="3.121"/>
</testsuite> <!-- com.api.tests.LoginAPITest -->
